Line is valid!
New ambient created
Line is valid!
New camera created
Line is valid!
New light created
Line is valid!
New plane created
Line is valid!
New sphere created
Line is valid!
New plane created
Data:
{
  [93mAmbient:[97m
    [94mintensity:[92m 0.8[97m
    [94m[color][97m
    [92mr: 25[97m
    [92mb: 25[97m
    [92mg: 25[97m
  [93mCamera:[97m
    [94mFOV:[92m 100.0[97m
    [94m[position][97m
x: 0.00
y: 0.10
z: 0.00
    [94m[normal vecotr][97m
x: 0.00
y: 0.00
z: 1.00
  [93mLight:[97m
    [94mbrightness:[92m 0.6[97m
    [94m[position][97m
x: -20.00
y: 40.00
z: 50.00
    [94m[color][97m
    [92mr: 255[97m
    [92mb: 255[97m
    [92mg: 255[97m
  [93mSpheres:[97m
  [93mSphere N1:[97m
    [94mdiameter:[92m 40.0[97m
    [94m[position][97m
x: 0.00
y: 0.00
z: 60.00
    [94m[color][97m
    [92mr: 100[97m
    [92mb: 100[97m
    [92mg: 0[97m
  [93mPlanes:[97m
    [94m[position][97m
x: 0.00
y: -50.00
z: 0.00
    [94m[normal vecotr][97m
x: 0.00
y: 1.00
z: 0.00
    [94m[color][97m
    [92mr: 0[97m
    [92mb: 100[97m
    [92mg: 0[97m
    [94m[position][97m
x: 0.00
y: 0.00
z: 500.00
    [94m[normal vecotr][97m
x: 0.00
y: 0.00
z: -1.00
    [94m[color][97m
    [92mr: 0[97m
    [92mb: 100[97m
    [92mg: 0[97m
  [93mCylinders:[97m
}
Image status:

Data destroyed!
[31mESC button clicked[97m
